app/build/intermediates/manifest_merge_blame_file/release/manifest-merger-blame-release-report.txt
1<?xml version="1.0" encoding="utf-8"?>
2<manifest xmlns:android="http://schemas.android.com/apk/res/android"
3    package="cbdev.rubberlive"
4    android:versionCode="7"
5    android:versionName="1.1" >
6
7    <uses-sdk
8        android:minSdkVersion="18"
8-->src/main/AndroidManifest.xml
9        android:targetSdkVersion="29" />
9-->src/main/AndroidManifest.xml
10
11    <uses-permission android:name="android.permission.INTERNET" />
11-->src/main/AndroidManifest.xml:8:5-67
11-->src/main/AndroidManifest.xml:8:22-64
12    <uses-permission android:name="android.permission.ACCESS_NETWORK_STATE" />
12-->src/main/AndroidManifest.xml:9:5-79
12-->src/main/AndroidManifest.xml:9:22-76
13    <uses-permission android:name="android.permission.WAKE_LOCK" />
13-->[com.google.firebase:firebase-measurement-connector-impl:16.0.0] AndroidManifest.xml:24:5-68
13-->[com.google.firebase:firebase-measurement-connector-impl:16.0.0] AndroidManifest.xml:24:22-65
14    <uses-permission android:name="com.google.android.finsky.permission.BIND_GET_INSTALL_REFERRER_SERVICE" /> <!-- Required by older versions of Google Play services to create IID tokens -->
14-->[com.google.firebase:firebase-analytics:16.0.0] AndroidManifest.xml:26:5-110
14-->[com.google.firebase:firebase-analytics:16.0.0] AndroidManifest.xml:26:22-107
15    <uses-permission android:name="com.google.android.c2dm.permission.RECEIVE" />
15-->[com.google.firebase:firebase-iid:16.0.0] AndroidManifest.xml:26:5-82
15-->[com.google.firebase:firebase-iid:16.0.0] AndroidManifest.xml:26:22-79
16
17    <permission
17-->[com.google.firebase:firebase-iid:16.0.0] AndroidManifest.xml:28:5-30:47
18        android:name="cbdev.rubberlive.permission.C2D_MESSAGE"
18-->[com.google.firebase:firebase-iid:16.0.0] AndroidManifest.xml:29:9-63
19        android:protectionLevel="signature" />
19-->[com.google.firebase:firebase-iid:16.0.0] AndroidManifest.xml:30:9-44
20
21    <uses-permission android:name="cbdev.rubberlive.permission.C2D_MESSAGE" />
21-->[com.google.firebase:firebase-iid:16.0.0] AndroidManifest.xml:32:5-79
21-->[com.google.firebase:firebase-iid:16.0.0] AndroidManifest.xml:32:22-76
22
23    <application
23-->src/main/AndroidManifest.xml:11:5-100:19
24        android:allowBackup="true"
24-->src/main/AndroidManifest.xml:12:9-35
25        android:appComponentFactory="androidx.core.app.CoreComponentFactory"
25-->[androidx.core:core:1.0.0] AndroidManifest.xml:22:18-86
26        android:icon="@mipmap/ic_launcher"
26-->src/main/AndroidManifest.xml:13:9-43
27        android:label="@string/app_name"
27-->src/main/AndroidManifest.xml:14:9-41
28        android:roundIcon="@drawable/ic_launcher"
28-->src/main/AndroidManifest.xml:15:9-50
29        android:supportsRtl="true"
29-->src/main/AndroidManifest.xml:16:9-35
30        android:theme="@style/AppTheme" >
30-->src/main/AndroidManifest.xml:17:9-40
31        <receiver
31-->src/main/AndroidManifest.xml:19:9-28:20
32            android:name="cbdev.rubberlive.BootReceiver"
32-->src/main/AndroidManifest.xml:20:13-41
33            android:enabled="true"
33-->src/main/AndroidManifest.xml:21:13-35
34            android:exported="true" >
34-->src/main/AndroidManifest.xml:22:13-36
35            <intent-filter>
35-->src/main/AndroidManifest.xml:23:13-27:29
36                <action android:name="android.intent.action.BOOT_COMPLETED" />
36-->src/main/AndroidManifest.xml:24:17-79
36-->src/main/AndroidManifest.xml:24:25-76
37
38                <category android:name="android.intent.category.HOME" />
38-->src/main/AndroidManifest.xml:26:17-73
38-->src/main/AndroidManifest.xml:26:27-70
39            </intent-filter>
40        </receiver>
41        <receiver android:name="cbdev.rubberlive.AlarmNotificationReceiver" />
41-->src/main/AndroidManifest.xml:29:9-63
41-->src/main/AndroidManifest.xml:29:19-60
42
43        <activity
43-->src/main/AndroidManifest.xml:32:9-45:20
44            android:name="cbdev.rubberlive.MainActivity"
44-->src/main/AndroidManifest.xml:33:13-57
45            android:screenOrientation="portrait" >
45-->src/main/AndroidManifest.xml:34:13-49
46            <intent-filter android:autoVerify="true" >
46-->src/main/AndroidManifest.xml:35:13-44:29
46-->src/main/AndroidManifest.xml:35:28-53
47                <action android:name="android.intent.action.VIEW" />
47-->src/main/AndroidManifest.xml:36:17-69
47-->src/main/AndroidManifest.xml:36:25-66
48
49                <category android:name="android.intent.category.DEFAULT" />
49-->src/main/AndroidManifest.xml:38:17-76
49-->src/main/AndroidManifest.xml:38:27-73
50                <category android:name="android.intent.category.BROWSABLE" />
50-->src/main/AndroidManifest.xml:39:17-78
50-->src/main/AndroidManifest.xml:39:27-75
51
52                <data
52-->src/main/AndroidManifest.xml:41:17-43:69
53                    android:host="webdevogect.pythonanywhere.com"
53-->src/main/AndroidManifest.xml:43:21-66
54                    android:scheme="https" />
54-->src/main/AndroidManifest.xml:42:21-43
55            </intent-filter>
56        </activity>
57        <activity
57-->src/main/AndroidManifest.xml:46:9-56:20
58            android:name="cbdev.rubberlive.SplashActivity"
58-->src/main/AndroidManifest.xml:47:13-59
59            android:screenOrientation="portrait" >
59-->src/main/AndroidManifest.xml:48:13-49
60            <intent-filter>
60-->src/main/AndroidManifest.xml:51:13-55:29
61                <action android:name="android.intent.action.MAIN" />
61-->src/main/AndroidManifest.xml:52:17-69
61-->src/main/AndroidManifest.xml:52:25-66
62
63                <category android:name="android.intent.category.LAUNCHER" />
63-->src/main/AndroidManifest.xml:54:17-77
63-->src/main/AndroidManifest.xml:54:27-74
64            </intent-filter>
65        </activity>
66        <activity
66-->src/main/AndroidManifest.xml:57:9-67:20
67            android:name="cbdev.rubberlive.AboutActivity"
67-->src/main/AndroidManifest.xml:58:13-58
68            android:label="About Us"
68-->src/main/AndroidManifest.xml:59:13-37
69            android:parentActivityName="cbdev.rubberlive.MainActivity"
69-->src/main/AndroidManifest.xml:60:13-71
70            android:screenOrientation="portrait" >
70-->src/main/AndroidManifest.xml:61:13-49
71            <intent-filter>
71-->src/main/AndroidManifest.xml:62:13-66:29
72                <action android:name="android.intent.action.about" />
72-->src/main/AndroidManifest.xml:63:17-70
72-->src/main/AndroidManifest.xml:63:25-67
73
74                <category android:name="android.intent.category.DEFAULT" />
74-->src/main/AndroidManifest.xml:38:17-76
74-->src/main/AndroidManifest.xml:38:27-73
75            </intent-filter>
76        </activity>
77
78        <service
78-->src/main/AndroidManifest.xml:69:9-72:47
79            android:name="cbdev.rubberlive.MyService"
79-->src/main/AndroidManifest.xml:70:13-38
80            android:enabled="true"
80-->src/main/AndroidManifest.xml:71:13-35
81            android:exported="true" />
81-->src/main/AndroidManifest.xml:72:13-36
82
83        <activity
83-->src/main/AndroidManifest.xml:75:9-79:52
84            android:name="cbdev.rubberlive.priceKottayam"
84-->src/main/AndroidManifest.xml:76:13-58
85            android:label="Latest Price - Kottayam"
85-->src/main/AndroidManifest.xml:77:13-52
86            android:parentActivityName="cbdev.rubberlive.MainActivity"
86-->src/main/AndroidManifest.xml:78:13-71
87            android:screenOrientation="portrait" />
87-->src/main/AndroidManifest.xml:79:13-49
88        <activity
88-->src/main/AndroidManifest.xml:80:9-84:52
89            android:name="cbdev.rubberlive.priceKochi"
89-->src/main/AndroidManifest.xml:81:13-55
90            android:label="Latest Price - Kochi"
90-->src/main/AndroidManifest.xml:82:13-49
91            android:parentActivityName="cbdev.rubberlive.MainActivity"
91-->src/main/AndroidManifest.xml:83:13-71
92            android:screenOrientation="portrait" />
92-->src/main/AndroidManifest.xml:84:13-49
93        <activity
93-->src/main/AndroidManifest.xml:85:9-89:52
94            android:name="cbdev.rubberlive.priceBangkok"
94-->src/main/AndroidManifest.xml:86:13-57
95            android:label="Latest Price - Bangkok"
95-->src/main/AndroidManifest.xml:87:13-51
96            android:parentActivityName="cbdev.rubberlive.MainActivity"
96-->src/main/AndroidManifest.xml:88:13-71
97            android:screenOrientation="portrait" />
97-->src/main/AndroidManifest.xml:89:13-49
98        <activity
98-->src/main/AndroidManifest.xml:90:9-94:52
99            android:name="cbdev.rubberlive.priceKualalumpur"
99-->src/main/AndroidManifest.xml:91:13-61
100            android:label="Latest Price - Kuala Lumpur"
100-->src/main/AndroidManifest.xml:92:13-56
101            android:parentActivityName="cbdev.rubberlive.MainActivity"
101-->src/main/AndroidManifest.xml:93:13-71
102            android:screenOrientation="portrait" />
102-->src/main/AndroidManifest.xml:94:13-49
103
104        <meta-data
104-->src/main/AndroidManifest.xml:96:9-98:57
105            android:name="preloaded_fonts"
105-->src/main/AndroidManifest.xml:97:13-43
106            android:resource="@array/preloaded_fonts" />
106-->src/main/AndroidManifest.xml:98:13-54
107
108        <receiver android:name="cbdev.rubberlive.MyNotificationPublisher" />
108-->src/main/AndroidManifest.xml:99:9-62
108-->src/main/AndroidManifest.xml:99:19-59
109
110        <service android:name="com.google.firebase.components.ComponentDiscoveryService" >
110-->[com.google.firebase:firebase-measurement-connector-impl:16.0.0] AndroidManifest.xml:27:9-31:19
110-->[com.google.firebase:firebase-measurement-connector-impl:16.0.0] AndroidManifest.xml:27:18-89
111            <meta-data
111-->[com.google.firebase:firebase-measurement-connector-impl:16.0.0] AndroidManifest.xml:28:13-30:85
112                android:name="com.google.firebase.components:com.google.firebase.analytics.connector.internal.AnalyticsConnectorRegistrar"
112-->[com.google.firebase:firebase-measurement-connector-impl:16.0.0] AndroidManifest.xml:29:17-139
113                android:value="com.google.firebase.components.ComponentRegistrar" />
113-->[com.google.firebase:firebase-measurement-connector-impl:16.0.0] AndroidManifest.xml:30:17-82
114            <meta-data
114-->[com.google.firebase:firebase-iid:16.0.0] AndroidManifest.xml:36:13-38:85
115                android:name="com.google.firebase.components:com.google.firebase.iid.Registrar"
115-->[com.google.firebase:firebase-iid:16.0.0] AndroidManifest.xml:37:17-96
116                android:value="com.google.firebase.components.ComponentRegistrar" />
116-->[com.google.firebase:firebase-iid:16.0.0] AndroidManifest.xml:38:17-82
117        </service>
118
119        <receiver
119-->[com.google.firebase:firebase-analytics:16.0.0] AndroidManifest.xml:29:9-33:20
120            android:name="com.google.android.gms.measurement.AppMeasurementReceiver"
120-->[com.google.firebase:firebase-analytics:16.0.0] AndroidManifest.xml:30:13-85
121            android:enabled="true"
121-->[com.google.firebase:firebase-analytics:16.0.0] AndroidManifest.xml:31:13-35
122            android:exported="false" >
122-->[com.google.firebase:firebase-analytics:16.0.0] AndroidManifest.xml:32:13-37
123        </receiver>
124        <receiver
124-->[com.google.firebase:firebase-analytics:16.0.0] AndroidManifest.xml:34:9-42:20
125            android:name="com.google.android.gms.measurement.AppMeasurementInstallReferrerReceiver"
125-->[com.google.firebase:firebase-analytics:16.0.0] AndroidManifest.xml:35:13-100
126            android:enabled="true"
126-->[com.google.firebase:firebase-analytics:16.0.0] AndroidManifest.xml:36:13-35
127            android:exported="true"
127-->[com.google.firebase:firebase-analytics:16.0.0] AndroidManifest.xml:37:13-36
128            android:permission="android.permission.INSTALL_PACKAGES" >
128-->[com.google.firebase:firebase-analytics:16.0.0] AndroidManifest.xml:38:13-69
129            <intent-filter>
129-->[com.google.firebase:firebase-analytics:16.0.0] AndroidManifest.xml:39:13-41:29
130                <action android:name="com.android.vending.INSTALL_REFERRER" />
130-->[com.google.firebase:firebase-analytics:16.0.0] AndroidManifest.xml:40:17-79
130-->[com.google.firebase:firebase-analytics:16.0.0] AndroidManifest.xml:40:25-76
131            </intent-filter>
132        </receiver>
133
134        <service
134-->[com.google.firebase:firebase-analytics:16.0.0] AndroidManifest.xml:44:9-47:40
135            android:name="com.google.android.gms.measurement.AppMeasurementService"
135-->[com.google.firebase:firebase-analytics:16.0.0] AndroidManifest.xml:45:13-84
136            android:enabled="true"
136-->[com.google.firebase:firebase-analytics:16.0.0] AndroidManifest.xml:46:13-35
137            android:exported="false" />
137-->[com.google.firebase:firebase-analytics:16.0.0] AndroidManifest.xml:47:13-37
138        <service
138-->[com.google.firebase:firebase-analytics:16.0.0] AndroidManifest.xml:48:9-52:72
139            android:name="com.google.android.gms.measurement.AppMeasurementJobService"
139-->[com.google.firebase:firebase-analytics:16.0.0] AndroidManifest.xml:49:13-87
140            android:enabled="true"
140-->[com.google.firebase:firebase-analytics:16.0.0] AndroidManifest.xml:50:13-35
141            android:exported="false"
141-->[com.google.firebase:firebase-analytics:16.0.0] AndroidManifest.xml:51:13-37
142            android:permission="android.permission.BIND_JOB_SERVICE" />
142-->[com.google.firebase:firebase-analytics:16.0.0] AndroidManifest.xml:52:13-69
143
144        <receiver
144-->[com.google.android.gms:play-services-analytics:17.0.0] AndroidManifest.xml:30:9-34:20
145            android:name="com.google.android.gms.analytics.AnalyticsReceiver"
145-->[com.google.android.gms:play-services-analytics:17.0.0] AndroidManifest.xml:31:13-78
146            android:enabled="true"
146-->[com.google.android.gms:play-services-analytics:17.0.0] AndroidManifest.xml:32:13-35
147            android:exported="false" >
147-->[com.google.android.gms:play-services-analytics:17.0.0] AndroidManifest.xml:33:13-37
148        </receiver>
149
150        <service
150-->[com.google.android.gms:play-services-analytics:17.0.0] AndroidManifest.xml:36:9-39:40
151            android:name="com.google.android.gms.analytics.AnalyticsService"
151-->[com.google.android.gms:play-services-analytics:17.0.0] AndroidManifest.xml:37:13-77
152            android:enabled="true"
152-->[com.google.android.gms:play-services-analytics:17.0.0] AndroidManifest.xml:38:13-35
153            android:exported="false" />
153-->[com.google.android.gms:play-services-analytics:17.0.0] AndroidManifest.xml:39:13-37
154        <service
154-->[com.google.android.gms:play-services-analytics:17.0.0] AndroidManifest.xml:40:9-44:72
155            android:name="com.google.android.gms.analytics.AnalyticsJobService"
155-->[com.google.android.gms:play-services-analytics:17.0.0] AndroidManifest.xml:41:13-80
156            android:enabled="true"
156-->[com.google.android.gms:play-services-analytics:17.0.0] AndroidManifest.xml:42:13-35
157            android:exported="false"
157-->[com.google.android.gms:play-services-analytics:17.0.0] AndroidManifest.xml:43:13-37
158            android:permission="android.permission.BIND_JOB_SERVICE" />
158-->[com.google.android.gms:play-services-analytics:17.0.0] AndroidManifest.xml:44:13-69
159
160        <receiver
160-->[com.google.firebase:firebase-iid:16.0.0] AndroidManifest.xml:41:9-50:20
161            android:name="com.google.firebase.iid.FirebaseInstanceIdReceiver"
161-->[com.google.firebase:firebase-iid:16.0.0] AndroidManifest.xml:42:13-78
162            android:exported="true"
162-->[com.google.firebase:firebase-iid:16.0.0] AndroidManifest.xml:43:13-36
163            android:permission="com.google.android.c2dm.permission.SEND" >
163-->[com.google.firebase:firebase-iid:16.0.0] AndroidManifest.xml:44:13-73
164            <intent-filter>
164-->[com.google.firebase:firebase-iid:16.0.0] AndroidManifest.xml:45:13-49:29
165                <action android:name="com.google.android.c2dm.intent.RECEIVE" />
165-->[com.google.firebase:firebase-iid:16.0.0] AndroidManifest.xml:46:17-81
165-->[com.google.firebase:firebase-iid:16.0.0] AndroidManifest.xml:46:25-78
166
167                <category android:name="cbdev.rubberlive" />
167-->[com.google.firebase:firebase-iid:16.0.0] AndroidManifest.xml:48:17-61
167-->[com.google.firebase:firebase-iid:16.0.0] AndroidManifest.xml:48:27-58
168            </intent-filter>
169        </receiver>
170        <!--
171             FirebaseInstanceIdService performs security checks at runtime,
172             no need for explicit permissions despite exported="true"
173        -->
174        <service
174-->[com.google.firebase:firebase-iid:16.0.0] AndroidManifest.xml:56:9-62:19
175            android:name="com.google.firebase.iid.FirebaseInstanceIdService"
175-->[com.google.firebase:firebase-iid:16.0.0] AndroidManifest.xml:57:13-77
176            android:exported="true" >
176-->[com.google.firebase:firebase-iid:16.0.0] AndroidManifest.xml:58:13-36
177            <intent-filter android:priority="-500" >
177-->[com.google.firebase:firebase-iid:16.0.0] AndroidManifest.xml:59:13-61:29
177-->[com.google.firebase:firebase-iid:16.0.0] AndroidManifest.xml:59:28-51
178                <action android:name="com.google.firebase.INSTANCE_ID_EVENT" />
178-->[com.google.firebase:firebase-iid:16.0.0] AndroidManifest.xml:60:17-80
178-->[com.google.firebase:firebase-iid:16.0.0] AndroidManifest.xml:60:25-77
179            </intent-filter>
180        </service>
181
182        <activity
182-->[com.google.android.gms:play-services-base:17.0.0] AndroidManifest.xml:23:9-26:75
183            android:name="com.google.android.gms.common.api.GoogleApiActivity"
183-->[com.google.android.gms:play-services-base:17.0.0] AndroidManifest.xml:24:13-79
184            android:exported="false"
184-->[com.google.android.gms:play-services-base:17.0.0] AndroidManifest.xml:25:13-37
185            android:theme="@android:style/Theme.Translucent.NoTitleBar" />
185-->[com.google.android.gms:play-services-base:17.0.0] AndroidManifest.xml:26:13-72
186
187        <provider
187-->[com.google.firebase:firebase-common:18.0.0] AndroidManifest.xml:12:9-16:39
188            android:name="com.google.firebase.provider.FirebaseInitProvider"
188-->[com.google.firebase:firebase-common:18.0.0] AndroidManifest.xml:13:13-77
189            android:authorities="cbdev.rubberlive.firebaseinitprovider"
189-->[com.google.firebase:firebase-common:18.0.0] AndroidManifest.xml:14:13-72
190            android:exported="false"
190-->[com.google.firebase:firebase-common:18.0.0] AndroidManifest.xml:15:13-37
191            android:initOrder="100" />
191-->[com.google.firebase:firebase-common:18.0.0] AndroidManifest.xml:16:13-36
192
193        <meta-data
193-->[com.google.android.gms:play-services-basement:17.0.0] AndroidManifest.xml:23:9-25:69
194            android:name="com.google.android.gms.version"
194-->[com.google.android.gms:play-services-basement:17.0.0] AndroidManifest.xml:24:13-58
195            android:value="@integer/google_play_services_version" />
195-->[com.google.android.gms:play-services-basement:17.0.0] AndroidManifest.xml:25:13-66
196    </application>
197
198</manifest>